<?xml version="1.0" encoding="UTF-8"?>
<testsuite xmlns:xsi="http://www.w3.org/2001/XMLSchema-instance" xsi:noNamespaceSchemaLocation="https://maven.apache.org/surefire/maven-surefire-plugin/xsd/surefire-test-report-3.0.xsd" version="3.0" name="br.com.victorsantos.todolist.TodolistApplicationTests" time="2.746" tests="1" errors="0" skipped="0" failures="0">
  <properties>
[...]
</properties>
  <testcase name="contextLoads" classname="br.com.victorsantos.todolist.TodolistApplicationTests" time="0.348">
    <system-out><![CDATA[17:21:09.864 [main] INFO org.springframework.test.context.support.AnnotationConfigContextLoaderUtils -- Could not detect default configuration classes for test class [br.com.victorsantos.todolist.TodolistApplicationTests]: TodolistApplicationTests does not declare any static, non-private, non-final, nested classes annotated with @Configuration.
17:21:09.914 [main] INFO org.springframework.boot.test.context.SpringBootTestContextBootstrapper -- Found @SpringBootConfiguration br.com.victorsantos.todolist.TodolistApplication for test class br.com.victorsantos.todolist.TodolistApplicationTests

  .   ____          _            __ _ _
 /\\ / ___'_ __ _ _(_)_ __  __ _ \ \ \ \
( ( )\___ | '_ | '_| | '_ \/ _` | \ \ \ \
 \\/  ___)| |_)| | | | | || (_| |  ) ) ) )
  '  |____| .__|_| |_|_| |_\__, | / / / /
 =========|_|==============|___/=/_/_/_/
 :: Spring Boot ::                (v3.1.0)

2023-10-13T17:21:10.104-03:00  INFO 19167 --- [           main] b.c.v.todolist.TodolistApplicationTests  : Starting TodolistApplicationTests using Java 17.0.7 with PID 19167 (started by victorsantos in /Users/victorsantos/projetos/rocketseat/todolist/todolist)
2023-10-13T17:21:10.105-03:00  INFO 19167 --- [           main] b.c.v.todolist.TodolistApplicationTests  : No active profile set, falling back to 1 default profile: "default"
2023-10-13T17:21:10.479-03:00  INFO 19167 --- [           main] .s.d.r.c.RepositoryConfigurationDelegate : Bootstrapping Spring Data JPA repositories in DEFAULT mode.
2023-10-13T17:21:10.512-03:00  INFO 19167 --- [           main] .s.d.r.c.RepositoryConfigurationDelegate : Finished Spring Data repository scanning in 29 ms. Found 2 JPA repository interfaces.
2023-10-13T17:21:10.776-03:00  INFO 19167 --- [           main] com.zaxxer.hikari.HikariDataSource       : HikariPool-1 - Starting...
2023-10-13T17:21:11.025-03:00  INFO 19167 --- [           main] com.zaxxer.hikari.pool.HikariPool        : HikariPool-1 - Added connection conn0: url=jdbc:h2:mem:todolist user=SA
2023-10-13T17:21:11.026-03:00  INFO 19167 --- [           main] com.zaxxer.hikari.HikariDataSource       : HikariPool-1 - Start completed.
2023-10-13T17:21:11.059-03:00  INFO 19167 --- [           main] o.hibernate.jpa.internal.util.LogHelper  : HHH000204: Processing PersistenceUnitInfo [name: default]
2023-10-13T17:21:11.091-03:00  INFO 19167 --- [           main] org.hibernate.Version                    : HHH000412: Hibernate ORM core version 6.2.2.Final
2023-10-13T17:21:11.092-03:00  INFO 19167 --- [           main] org.hibernate.cfg.Environment            : HHH000406: Using bytecode reflection optimizer
2023-10-13T17:21:11.162-03:00  INFO 19167 --- [           main] o.h.b.i.BytecodeProviderInitiator        : HHH000021: Bytecode provider name : bytebuddy
2023-10-13T17:21:11.254-03:00  INFO 19167 --- [           main] o.s.o.j.p.SpringPersistenceUnitInfo      : No LoadTimeWeaver setup: ignoring JPA class transformer
2023-10-13T17:21:11.307-03:00  INFO 19167 --- [           main] org.hibernate.orm.dialect                : HHH035001: Using dialect: org.hibernate.dialect.H2Dialect, version: 2.1.214
2023-10-13T17:21:11.406-03:00  INFO 19167 --- [           main] o.h.b.i.BytecodeProviderInitiator        : HHH000021: Bytecode provider name : bytebuddy
2023-10-13T17:21:11.724-03:00  INFO 19167 --- [           main] o.h.e.t.j.p.i.JtaPlatformInitiator       : HHH000490: Using JtaPlatform implementation: [org.hibernate.engine.transaction.jta.platform.internal.NoJtaPlatform]
2023-10-13T17:21:11.743-03:00  INFO 19167 --- [           main] o.h.t.s.i.e.GenerationTargetToDatabase   : HHH000476: Executing script '[injected ScriptSourceInputNonExistentImpl script]'
2023-10-13T17:21:11.744-03:00  INFO 19167 --- [           main] j.LocalContainerEntityManagerFactoryBean : Initialized JPA EntityManagerFactory for persistence unit 'default'
2023-10-13T17:21:11.989-03:00  WARN 19167 --- [           main] JpaBaseConfiguration$JpaWebConfiguration : spring.jpa.open-in-view is enabled by default. Therefore, database queries may be performed during view rendering. Explicitly configure spring.jpa.open-in-view to disable this warning
2023-10-13T17:21:12.139-03:00  INFO 19167 --- [           main] o.s.b.a.h2.H2ConsoleAutoConfiguration    : H2 console available at '/h2-console'. Database available at 'jdbc:h2:mem:todolist'
2023-10-13T17:21:12.163-03:00  INFO 19167 --- [           main] b.c.v.todolist.TodolistApplicationTests  : Started TodolistApplicationTests in 2.181 seconds (process running for 2.658)
]]></system-out>
  </testcase>
</testsuite>